2021-10-22 15:16:50.323 -03 [12296] ERROR:  no se pudo bloquear un candado en la fila de la relación «ir_cron»
2021-10-22 15:16:50.323 -03 [12296] SENTENCIA:  SELECT *
	                                       FROM ir_cron
	                                       WHERE numbercall != 0
	                                          AND active
	                                          AND nextcall <= (now() at time zone 'UTC')
	                                          AND id=8
	                                       FOR UPDATE NOWAIT
2021-10-22 15:16:50.347 -03 [12176] ERROR:  no se pudo bloquear un candado en la fila de la relación «ir_cron»
2021-10-22 15:16:50.347 -03 [12176] SENTENCIA:  SELECT *
	                                       FROM ir_cron
	                                       WHERE numbercall != 0
	                                          AND active
	                                          AND nextcall <= (now() at time zone 'UTC')
	                                          AND id=10
	                                       FOR UPDATE NOWAIT
2021-10-22 15:16:50.358 -03 [15596] ERROR:  no se pudo bloquear un candado en la fila de la relación «ir_cron»
2021-10-22 15:16:50.358 -03 [15596] SENTENCIA:  SELECT *
	                                       FROM ir_cron
	                                       WHERE numbercall != 0
	                                          AND active
	                                          AND nextcall <= (now() at time zone 'UTC')
	                                          AND id=9
	                                       FOR UPDATE NOWAIT
