2021-11-03 08:59:29.590 -03 [2284] LOG:  no se pudo recibir datos del cliente: unrecognized winsock error 10054
2021-11-03 08:59:29.601 -03 [18312] LOG:  no se pudo recibir datos del cliente: unrecognized winsock error 10054
2021-11-03 08:59:29.601 -03 [6320] LOG:  no se pudo recibir datos del cliente: unrecognized winsock error 10054
2021-11-03 08:59:29.607 -03 [18888] LOG:  no se pudo recibir datos del cliente: unrecognized winsock error 10054
2021-11-03 08:59:29.621 -03 [7696] LOG:  no se pudo recibir datos del cliente: unrecognized winsock error 10054
2021-11-03 08:59:29.631 -03 [4916] LOG:  no se pudo recibir datos del cliente: unrecognized winsock error 10054
2021-11-03 08:59:29.632 -03 [17708] LOG:  no se pudo recibir datos del cliente: unrecognized winsock error 10054
2021-11-03 08:59:29.644 -03 [17908] LOG:  no se pudo recibir datos del cliente: unrecognized winsock error 10054
2021-11-03 08:59:29.646 -03 [10328] LOG:  no se pudo recibir datos del cliente: unrecognized winsock error 10054
2021-11-03 08:59:29.646 -03 [14448] LOG:  no se pudo recibir datos del cliente: unrecognized winsock error 10054
2021-11-03 09:05:41.072 -03 [16324] ERROR:  no existe la relación «prueba» en carácter 25
2021-11-03 09:05:41.072 -03 [16324] SENTENCIA:  select combination from prueba
2021-11-03 09:36:59.941 -03 [3728] ERROR:  no se pudo serializar el acceso debido a un update concurrente
2021-11-03 09:36:59.941 -03 [3728] SENTENCIA:  SELECT * FROM website_visitor where id = 1 FOR NO KEY UPDATE NOWAIT
2021-11-03 09:49:26.929 -03 [3728] LOG:  no se pudo recibir datos del cliente: unrecognized winsock error 10054
2021-11-03 09:49:26.958 -03 [16408] LOG:  no se pudo recibir datos del cliente: unrecognized winsock error 10054
2021-11-03 09:49:26.965 -03 [7200] LOG:  no se pudo recibir datos del cliente: unrecognized winsock error 10054
2021-11-03 09:49:26.978 -03 [11108] LOG:  no se pudo recibir datos del cliente: unrecognized winsock error 10054
2021-11-03 09:49:26.981 -03 [3912] LOG:  no se pudo recibir datos del cliente: unrecognized winsock error 10054
2021-11-03 09:49:26.982 -03 [7700] LOG:  no se pudo recibir datos del cliente: unrecognized winsock error 10054
2021-11-03 10:09:11.382 -03 [18148] LOG:  no se pudo recibir datos del cliente: unrecognized winsock error 10054
2021-11-03 10:09:11.390 -03 [3204] LOG:  no se pudo recibir datos del cliente: unrecognized winsock error 10054
2021-11-03 10:09:11.393 -03 [18636] LOG:  no se pudo recibir datos del cliente: unrecognized winsock error 10054
2021-11-03 10:09:11.402 -03 [19788] LOG:  no se pudo recibir datos del cliente: unrecognized winsock error 10054
2021-11-03 10:09:11.403 -03 [17468] LOG:  no se pudo recibir datos del cliente: unrecognized winsock error 10054
2021-11-03 10:09:11.412 -03 [20396] LOG:  no se pudo recibir datos del cliente: unrecognized winsock error 10054
2021-11-03 10:09:11.416 -03 [13520] LOG:  no se pudo recibir datos del cliente: unrecognized winsock error 10054
2021-11-03 10:10:48.894 -03 [20196] LOG:  no se pudo recibir datos del cliente: unrecognized winsock error 10054
2021-11-03 10:10:48.895 -03 [9792] LOG:  no se pudo recibir datos del cliente: unrecognized winsock error 10054
2021-11-03 10:10:48.909 -03 [18540] LOG:  no se pudo recibir datos del cliente: unrecognized winsock error 10054
2021-11-03 10:27:34.367 -03 [15748] LOG:  no se pudo recibir datos del cliente: unrecognized winsock error 10054
2021-11-03 10:27:34.412 -03 [3892] LOG:  no se pudo recibir datos del cliente: unrecognized winsock error 10054
2021-11-03 10:27:34.425 -03 [18352] LOG:  no se pudo recibir datos del cliente: unrecognized winsock error 10054
2021-11-03 10:27:34.438 -03 [12132] LOG:  no se pudo recibir datos del cliente: unrecognized winsock error 10054
2021-11-03 10:27:34.438 -03 [14916] LOG:  no se pudo recibir datos del cliente: unrecognized winsock error 10054
2021-11-03 10:27:34.441 -03 [6196] LOG:  no se pudo recibir datos del cliente: unrecognized winsock error 10054
2021-11-03 10:27:34.444 -03 [12520] LOG:  no se pudo recibir datos del cliente: unrecognized winsock error 10054
2021-11-03 10:36:21.641 -03 [14668] LOG:  no se pudo recibir datos del cliente: unrecognized winsock error 10054
2021-11-03 10:36:21.642 -03 [19160] LOG:  no se pudo recibir datos del cliente: unrecognized winsock error 10054
2021-11-03 10:36:21.659 -03 [3352] LOG:  no se pudo recibir datos del cliente: unrecognized winsock error 10054
2021-11-03 10:36:21.665 -03 [5532] LOG:  no se pudo recibir datos del cliente: unrecognized winsock error 10054
2021-11-03 10:36:21.675 -03 [14264] LOG:  no se pudo recibir datos del cliente: unrecognized winsock error 10054
2021-11-03 10:36:21.680 -03 [8152] LOG:  no se pudo recibir datos del cliente: unrecognized winsock error 10054
2021-11-03 10:36:21.684 -03 [19044] LOG:  no se pudo recibir datos del cliente: unrecognized winsock error 10054
2021-11-03 10:51:43.224 -03 [18104] LOG:  no se pudo recibir datos del cliente: unrecognized winsock error 10054
2021-11-03 10:51:43.233 -03 [4368] LOG:  no se pudo recibir datos del cliente: unrecognized winsock error 10054
2021-11-03 10:51:43.234 -03 [11244] LOG:  no se pudo recibir datos del cliente: unrecognized winsock error 10054
2021-11-03 10:51:43.240 -03 [17548] LOG:  no se pudo recibir datos del cliente: unrecognized winsock error 10054
2021-11-03 10:51:43.243 -03 [6496] LOG:  no se pudo recibir datos del cliente: unrecognized winsock error 10054
2021-11-03 10:51:43.245 -03 [15028] LOG:  no se pudo recibir datos del cliente: unrecognized winsock error 10054
2021-11-03 10:51:43.250 -03 [1560] LOG:  no se pudo recibir datos del cliente: unrecognized winsock error 10054
2021-11-03 10:51:53.609 -03 [2892] LOG:  no se pudo recibir datos del cliente: unrecognized winsock error 10054
2021-11-03 10:51:53.614 -03 [13636] LOG:  no se pudo recibir datos del cliente: unrecognized winsock error 10054
2021-11-03 10:51:53.636 -03 [21492] LOG:  no se pudo recibir datos del cliente: unrecognized winsock error 10054
2021-11-03 11:16:46.735 -03 [16040] LOG:  no se pudo recibir datos del cliente: unrecognized winsock error 10054
2021-11-03 11:16:46.748 -03 [2784] LOG:  no se pudo recibir datos del cliente: unrecognized winsock error 10054
2021-11-03 11:16:46.748 -03 [12548] LOG:  no se pudo recibir datos del cliente: unrecognized winsock error 10054
2021-11-03 11:16:46.756 -03 [4456] LOG:  no se pudo recibir datos del cliente: unrecognized winsock error 10054
2021-11-03 11:16:46.760 -03 [14484] LOG:  no se pudo recibir datos del cliente: unrecognized winsock error 10054
2021-11-03 11:16:46.764 -03 [17692] LOG:  no se pudo recibir datos del cliente: unrecognized winsock error 10054
2021-11-03 11:16:46.776 -03 [18352] LOG:  no se pudo recibir datos del cliente: unrecognized winsock error 10054
2021-11-03 11:17:26.811 -03 [10600] LOG:  no se pudo recibir datos del cliente: unrecognized winsock error 10054
2021-11-03 11:17:26.812 -03 [21140] LOG:  no se pudo recibir datos del cliente: unrecognized winsock error 10054
2021-11-03 11:38:21.520 -03 [6228] LOG:  no se pudo recibir datos del cliente: unrecognized winsock error 10054
2021-11-03 11:38:21.521 -03 [19388] LOG:  no se pudo recibir datos del cliente: unrecognized winsock error 10054
2021-11-03 11:38:21.557 -03 [13180] LOG:  no se pudo recibir datos del cliente: unrecognized winsock error 10054
2021-11-03 11:38:21.570 -03 [12264] LOG:  no se pudo recibir datos del cliente: unrecognized winsock error 10054
2021-11-03 11:38:21.575 -03 [16340] LOG:  no se pudo recibir datos del cliente: unrecognized winsock error 10054
2021-11-03 11:38:21.578 -03 [10244] LOG:  no se pudo recibir datos del cliente: unrecognized winsock error 10054
2021-11-03 11:38:21.583 -03 [20692] LOG:  no se pudo recibir datos del cliente: unrecognized winsock error 10054
2021-11-03 11:40:19.602 -03 [1232] LOG:  no se pudo recibir datos del cliente: unrecognized winsock error 10054
2021-11-03 11:40:19.616 -03 [16832] LOG:  no se pudo recibir datos del cliente: unrecognized winsock error 10054
2021-11-03 11:40:19.629 -03 [17628] LOG:  no se pudo recibir datos del cliente: unrecognized winsock error 10054
2021-11-03 11:40:19.629 -03 [4076] LOG:  no se pudo recibir datos del cliente: unrecognized winsock error 10054
2021-11-03 11:40:19.639 -03 [20652] LOG:  no se pudo recibir datos del cliente: unrecognized winsock error 10054
2021-11-03 11:40:19.658 -03 [21236] LOG:  no se pudo recibir datos del cliente: unrecognized winsock error 10054
2021-11-03 11:42:20.248 -03 [21116] LOG:  no se pudo recibir datos del cliente: unrecognized winsock error 10054
2021-11-03 11:42:20.248 -03 [20968] LOG:  no se pudo recibir datos del cliente: unrecognized winsock error 10054
2021-11-03 11:42:20.265 -03 [13248] LOG:  no se pudo recibir datos del cliente: unrecognized winsock error 10054
2021-11-03 11:42:20.267 -03 [17600] LOG:  no se pudo recibir datos del cliente: unrecognized winsock error 10054
2021-11-03 11:42:38.142 -03 [13668] LOG:  no se pudo recibir datos del cliente: unrecognized winsock error 10054
2021-11-03 11:42:38.142 -03 [7700] LOG:  no se pudo recibir datos del cliente: unrecognized winsock error 10054
2021-11-03 11:42:38.145 -03 [21496] LOG:  no se pudo recibir datos del cliente: unrecognized winsock error 10054
2021-11-03 11:51:17.689 -03 [5996] LOG:  no se pudo recibir datos del cliente: unrecognized winsock error 10054
2021-11-03 11:51:17.725 -03 [20360] LOG:  no se pudo recibir datos del cliente: unrecognized winsock error 10054
2021-11-03 11:51:17.730 -03 [11344] LOG:  no se pudo recibir datos del cliente: unrecognized winsock error 10054
2021-11-03 11:51:17.732 -03 [18636] LOG:  no se pudo recibir datos del cliente: unrecognized winsock error 10054
2021-11-03 11:51:17.749 -03 [2196] LOG:  no se pudo recibir datos del cliente: unrecognized winsock error 10054
2021-11-03 11:51:17.755 -03 [5616] LOG:  no se pudo recibir datos del cliente: unrecognized winsock error 10054
2021-11-03 11:51:17.759 -03 [10688] LOG:  no se pudo recibir datos del cliente: unrecognized winsock error 10054
2021-11-03 11:54:19.991 -03 [21096] LOG:  no se pudo recibir datos del cliente: unrecognized winsock error 10054
2021-11-03 11:54:19.991 -03 [20556] LOG:  no se pudo recibir datos del cliente: unrecognized winsock error 10054
2021-11-03 11:54:20.001 -03 [21272] LOG:  no se pudo recibir datos del cliente: unrecognized winsock error 10054
2021-11-03 11:54:20.002 -03 [8724] LOG:  no se pudo recibir datos del cliente: unrecognized winsock error 10054
2021-11-03 11:54:20.012 -03 [20788] LOG:  no se pudo recibir datos del cliente: unrecognized winsock error 10054
2021-11-03 11:54:20.017 -03 [12548] LOG:  no se pudo recibir datos del cliente: unrecognized winsock error 10054
2021-11-03 11:54:20.018 -03 [19252] LOG:  no se pudo recibir datos del cliente: unrecognized winsock error 10054
2021-11-03 12:01:34.963 -03 [10548] LOG:  no se pudo recibir datos del cliente: unrecognized winsock error 10054
2021-11-03 12:01:34.977 -03 [16952] LOG:  no se pudo recibir datos del cliente: unrecognized winsock error 10054
2021-11-03 12:01:34.987 -03 [7580] LOG:  no se pudo recibir datos del cliente: unrecognized winsock error 10054
2021-11-03 12:01:34.988 -03 [6228] LOG:  no se pudo recibir datos del cliente: unrecognized winsock error 10054
2021-11-03 12:01:34.997 -03 [18516] LOG:  no se pudo recibir datos del cliente: unrecognized winsock error 10054
2021-11-03 12:01:35.005 -03 [10980] LOG:  no se pudo recibir datos del cliente: unrecognized winsock error 10054
2021-11-03 12:09:48.705 -03 [20452] LOG:  no se pudo recibir datos del cliente: unrecognized winsock error 10054
2021-11-03 12:09:48.714 -03 [21028] LOG:  no se pudo recibir datos del cliente: unrecognized winsock error 10054
2021-11-03 12:09:48.715 -03 [7900] LOG:  no se pudo recibir datos del cliente: unrecognized winsock error 10054
2021-11-03 12:09:48.725 -03 [6804] LOG:  no se pudo recibir datos del cliente: unrecognized winsock error 10054
2021-11-03 12:09:48.727 -03 [15744] LOG:  no se pudo recibir datos del cliente: unrecognized winsock error 10054
2021-11-03 12:09:48.737 -03 [17584] LOG:  no se pudo recibir datos del cliente: unrecognized winsock error 10054
2021-11-03 12:09:48.739 -03 [20876] LOG:  no se pudo recibir datos del cliente: unrecognized winsock error 10054
2021-11-03 14:34:15.487 -03 [12808] LOG:  no se pudo recibir datos del cliente: unrecognized winsock error 10054
2021-11-03 14:34:15.496 -03 [17548] LOG:  no se pudo recibir datos del cliente: unrecognized winsock error 10054
2021-11-03 14:34:15.504 -03 [20900] LOG:  no se pudo recibir datos del cliente: unrecognized winsock error 10054
2021-11-03 14:34:15.506 -03 [14504] LOG:  no se pudo recibir datos del cliente: unrecognized winsock error 10054
2021-11-03 14:34:15.512 -03 [10272] LOG:  no se pudo recibir datos del cliente: unrecognized winsock error 10054
2021-11-03 14:34:15.514 -03 [5920] LOG:  no se pudo recibir datos del cliente: unrecognized winsock error 10054
2021-11-03 14:34:15.528 -03 [6288] LOG:  no se pudo recibir datos del cliente: unrecognized winsock error 10054
2021-11-03 14:43:26.625 -03 [22476] LOG:  no se pudo recibir datos del cliente: unrecognized winsock error 10054
2021-11-03 14:43:26.636 -03 [10688] LOG:  no se pudo recibir datos del cliente: unrecognized winsock error 10054
2021-11-03 14:43:26.639 -03 [20996] LOG:  no se pudo recibir datos del cliente: unrecognized winsock error 10054
2021-11-03 14:43:26.648 -03 [8308] LOG:  no se pudo recibir datos del cliente: unrecognized winsock error 10054
2021-11-03 14:43:26.649 -03 [20460] LOG:  no se pudo recibir datos del cliente: unrecognized winsock error 10054
2021-11-03 14:43:26.654 -03 [16472] LOG:  no se pudo recibir datos del cliente: unrecognized winsock error 10054
2021-11-03 14:43:26.655 -03 [18760] LOG:  no se pudo recibir datos del cliente: unrecognized winsock error 10054
