2021-10-18 12:01:22.028 -03 [9060] ERROR:  no se pudo serializar el acceso debido a un update concurrente
2021-10-18 12:01:22.028 -03 [9060] SENTENCIA:  SELECT * FROM website_visitor where id = 1 FOR NO KEY UPDATE NOWAIT
2021-10-18 12:01:50.082 -03 [13708] ERROR:  no existe la columna product_product.variant_va en carácter 132
2021-10-18 12:01:50.082 -03 [13708] SENTENCIA:  SELECT "product_product"."id" as "id", "product_product"."default_code" as "default_code", "product_product"."active" as "active", "product_product"."variant_va" as "variant_va", "product_product"."product_tmpl_id" as "product_tmpl_id", "product_product"."barcode" as "barcode", "product_product"."combination_indices" as "combination_indices", "product_product"."volume" as "volume", "product_product"."weight" as "weight", "product_product"."can_image_variant_1024_be_zoomed" as "can_image_variant_1024_be_zoomed", "product_product"."message_main_attachment_id" as "message_main_attachment_id", "product_product"."create_uid" as "create_uid", "product_product"."create_date" as "create_date", "product_product"."write_uid" as "write_uid", "product_product"."write_date" as "write_date" FROM "product_product" LEFT JOIN "product_template" AS "product_product__product_tmpl_id" ON ("product_product"."product_tmpl_id" = "product_product__product_tmpl_id"."id") WHERE (("product_product__product_tmpl_id"."company_id" in (1)) OR "product_product__product_tmpl_id"."company_id" IS NULL ) AND "product_product".id IN (9768)
2021-10-18 12:03:22.285 -03 [13096] ERROR:  no existe la columna product_product.variant_va en carácter 132
2021-10-18 12:03:22.285 -03 [13096] SENTENCIA:  SELECT "product_product"."id" as "id", "product_product"."default_code" as "default_code", "product_product"."active" as "active", "product_product"."variant_va" as "variant_va", "product_product"."product_tmpl_id" as "product_tmpl_id", "product_product"."barcode" as "barcode", "product_product"."combination_indices" as "combination_indices", "product_product"."volume" as "volume", "product_product"."weight" as "weight", "product_product"."can_image_variant_1024_be_zoomed" as "can_image_variant_1024_be_zoomed", "product_product"."message_main_attachment_id" as "message_main_attachment_id", "product_product"."create_uid" as "create_uid", "product_product"."create_date" as "create_date", "product_product"."write_uid" as "write_uid", "product_product"."write_date" as "write_date" FROM "product_product" LEFT JOIN "product_template" AS "product_product__product_tmpl_id" ON ("product_product"."product_tmpl_id" = "product_product__product_tmpl_id"."id") WHERE (("product_product__product_tmpl_id"."company_id" in (1)) OR "product_product__product_tmpl_id"."company_id" IS NULL ) AND "product_product".id IN (9768)
2021-10-18 12:25:20.695 -03 [13096] ERROR:  no existe la columna product_product.variant_va en carácter 132
2021-10-18 12:25:20.695 -03 [13096] SENTENCIA:  SELECT "product_product"."id" as "id", "product_product"."default_code" as "default_code", "product_product"."active" as "active", "product_product"."variant_va" as "variant_va", "product_product"."product_tmpl_id" as "product_tmpl_id", "product_product"."barcode" as "barcode", "product_product"."combination_indices" as "combination_indices", "product_product"."volume" as "volume", "product_product"."weight" as "weight", "product_product"."can_image_variant_1024_be_zoomed" as "can_image_variant_1024_be_zoomed", "product_product"."message_main_attachment_id" as "message_main_attachment_id", "product_product"."create_uid" as "create_uid", "product_product"."create_date" as "create_date", "product_product"."write_uid" as "write_uid", "product_product"."write_date" as "write_date" FROM "product_product" LEFT JOIN "product_template" AS "product_product__product_tmpl_id" ON ("product_product"."product_tmpl_id" = "product_product__product_tmpl_id"."id") WHERE (("product_product__product_tmpl_id"."company_id" in (1)) OR "product_product__product_tmpl_id"."company_id" IS NULL ) AND "product_product".id IN (9768)
2021-10-18 12:27:33.799 -03 [12864] ERROR:  no existe la columna product_product.variant_va en carácter 132
2021-10-18 12:27:33.799 -03 [12864] SENTENCIA:  SELECT "product_product"."id" as "id", "product_product"."default_code" as "default_code", "product_product"."active" as "active", "product_product"."variant_va" as "variant_va", "product_product"."product_tmpl_id" as "product_tmpl_id", "product_product"."barcode" as "barcode", "product_product"."combination_indices" as "combination_indices", "product_product"."volume" as "volume", "product_product"."weight" as "weight", "product_product"."can_image_variant_1024_be_zoomed" as "can_image_variant_1024_be_zoomed", "product_product"."message_main_attachment_id" as "message_main_attachment_id", "product_product"."create_uid" as "create_uid", "product_product"."create_date" as "create_date", "product_product"."write_uid" as "write_uid", "product_product"."write_date" as "write_date" FROM "product_product" LEFT JOIN "product_template" AS "product_product__product_tmpl_id" ON ("product_product"."product_tmpl_id" = "product_product__product_tmpl_id"."id") WHERE (("product_product__product_tmpl_id"."company_id" in (1)) OR "product_product__product_tmpl_id"."company_id" IS NULL ) AND "product_product".id IN (9768)
2021-10-18 12:28:16.664 -03 [13096] ERROR:  no existe la columna product_product.variant_va en carácter 132
2021-10-18 12:28:16.664 -03 [13096] SENTENCIA:  SELECT "product_product"."id" as "id", "product_product"."default_code" as "default_code", "product_product"."active" as "active", "product_product"."variant_va" as "variant_va", "product_product"."product_tmpl_id" as "product_tmpl_id", "product_product"."barcode" as "barcode", "product_product"."combination_indices" as "combination_indices", "product_product"."volume" as "volume", "product_product"."weight" as "weight", "product_product"."can_image_variant_1024_be_zoomed" as "can_image_variant_1024_be_zoomed", "product_product"."message_main_attachment_id" as "message_main_attachment_id", "product_product"."create_uid" as "create_uid", "product_product"."create_date" as "create_date", "product_product"."write_uid" as "write_uid", "product_product"."write_date" as "write_date" FROM "product_product" LEFT JOIN "product_template" AS "product_product__product_tmpl_id" ON ("product_product"."product_tmpl_id" = "product_product__product_tmpl_id"."id") WHERE (("product_product__product_tmpl_id"."company_id" in (1)) OR "product_product__product_tmpl_id"."company_id" IS NULL ) AND "product_product".id IN (9768)
2021-10-18 12:30:14.781 -03 [13096] ERROR:  no existe la columna product_product.variant_va en carácter 132
2021-10-18 12:30:14.781 -03 [13096] SENTENCIA:  SELECT "product_product"."id" as "id", "product_product"."default_code" as "default_code", "product_product"."active" as "active", "product_product"."variant_va" as "variant_va", "product_product"."product_tmpl_id" as "product_tmpl_id", "product_product"."barcode" as "barcode", "product_product"."combination_indices" as "combination_indices", "product_product"."volume" as "volume", "product_product"."weight" as "weight", "product_product"."can_image_variant_1024_be_zoomed" as "can_image_variant_1024_be_zoomed", "product_product"."message_main_attachment_id" as "message_main_attachment_id", "product_product"."create_uid" as "create_uid", "product_product"."create_date" as "create_date", "product_product"."write_uid" as "write_uid", "product_product"."write_date" as "write_date" FROM "product_product" LEFT JOIN "product_template" AS "product_product__product_tmpl_id" ON ("product_product"."product_tmpl_id" = "product_product__product_tmpl_id"."id") WHERE (("product_product__product_tmpl_id"."company_id" in (1)) OR "product_product__product_tmpl_id"."company_id" IS NULL ) AND "product_product".id IN (9768)
2021-10-18 12:31:58.463 -03 [7952] ERROR:  no existe la columna product_product.variant_va en carácter 132
2021-10-18 12:31:58.463 -03 [7952] SENTENCIA:  SELECT "product_product"."id" as "id", "product_product"."default_code" as "default_code", "product_product"."active" as "active", "product_product"."variant_va" as "variant_va", "product_product"."product_tmpl_id" as "product_tmpl_id", "product_product"."barcode" as "barcode", "product_product"."combination_indices" as "combination_indices", "product_product"."volume" as "volume", "product_product"."weight" as "weight", "product_product"."can_image_variant_1024_be_zoomed" as "can_image_variant_1024_be_zoomed", "product_product"."message_main_attachment_id" as "message_main_attachment_id", "product_product"."create_uid" as "create_uid", "product_product"."create_date" as "create_date", "product_product"."write_uid" as "write_uid", "product_product"."write_date" as "write_date" FROM "product_product" LEFT JOIN "product_template" AS "product_product__product_tmpl_id" ON ("product_product"."product_tmpl_id" = "product_product__product_tmpl_id"."id") WHERE (("product_product__product_tmpl_id"."company_id" in (1)) OR "product_product__product_tmpl_id"."company_id" IS NULL ) AND "product_product".id IN (9768)
2021-10-18 12:33:42.834 -03 [12864] ERROR:  no existe la columna product_product.variant_va en carácter 132
2021-10-18 12:33:42.834 -03 [12864] SENTENCIA:  SELECT "product_product"."id" as "id", "product_product"."default_code" as "default_code", "product_product"."active" as "active", "product_product"."variant_va" as "variant_va", "product_product"."product_tmpl_id" as "product_tmpl_id", "product_product"."barcode" as "barcode", "product_product"."combination_indices" as "combination_indices", "product_product"."volume" as "volume", "product_product"."weight" as "weight", "product_product"."can_image_variant_1024_be_zoomed" as "can_image_variant_1024_be_zoomed", "product_product"."message_main_attachment_id" as "message_main_attachment_id", "product_product"."create_uid" as "create_uid", "product_product"."create_date" as "create_date", "product_product"."write_uid" as "write_uid", "product_product"."write_date" as "write_date" FROM "product_product" LEFT JOIN "product_template" AS "product_product__product_tmpl_id" ON ("product_product"."product_tmpl_id" = "product_product__product_tmpl_id"."id") WHERE (("product_product__product_tmpl_id"."company_id" in (1)) OR "product_product__product_tmpl_id"."company_id" IS NULL ) AND "product_product".id IN (9768)
2021-10-18 12:36:01.476 -03 [13708] ERROR:  no existe la columna product_product.variant_va en carácter 132
2021-10-18 12:36:01.476 -03 [13708] SENTENCIA:  SELECT "product_product"."id" as "id", "product_product"."default_code" as "default_code", "product_product"."active" as "active", "product_product"."variant_va" as "variant_va", "product_product"."product_tmpl_id" as "product_tmpl_id", "product_product"."barcode" as "barcode", "product_product"."combination_indices" as "combination_indices", "product_product"."volume" as "volume", "product_product"."weight" as "weight", "product_product"."can_image_variant_1024_be_zoomed" as "can_image_variant_1024_be_zoomed", "product_product"."message_main_attachment_id" as "message_main_attachment_id", "product_product"."create_uid" as "create_uid", "product_product"."create_date" as "create_date", "product_product"."write_uid" as "write_uid", "product_product"."write_date" as "write_date" FROM "product_product" LEFT JOIN "product_template" AS "product_product__product_tmpl_id" ON ("product_product"."product_tmpl_id" = "product_product__product_tmpl_id"."id") WHERE (("product_product__product_tmpl_id"."company_id" in (1)) OR "product_product__product_tmpl_id"."company_id" IS NULL ) AND "product_product".id IN (9768)
2021-10-18 12:37:21.305 -03 [7952] ERROR:  no existe la columna product_product.variant_va en carácter 132
2021-10-18 12:37:21.305 -03 [7952] SENTENCIA:  SELECT "product_product"."id" as "id", "product_product"."default_code" as "default_code", "product_product"."active" as "active", "product_product"."variant_va" as "variant_va", "product_product"."product_tmpl_id" as "product_tmpl_id", "product_product"."barcode" as "barcode", "product_product"."combination_indices" as "combination_indices", "product_product"."volume" as "volume", "product_product"."weight" as "weight", "product_product"."can_image_variant_1024_be_zoomed" as "can_image_variant_1024_be_zoomed", "product_product"."message_main_attachment_id" as "message_main_attachment_id", "product_product"."create_uid" as "create_uid", "product_product"."create_date" as "create_date", "product_product"."write_uid" as "write_uid", "product_product"."write_date" as "write_date" FROM "product_product" LEFT JOIN "product_template" AS "product_product__product_tmpl_id" ON ("product_product"."product_tmpl_id" = "product_product__product_tmpl_id"."id") WHERE (("product_product__product_tmpl_id"."company_id" in (1)) OR "product_product__product_tmpl_id"."company_id" IS NULL ) AND "product_product".id IN (9517, 9771, 9772, 9773)
2021-10-18 12:43:28.748 -03 [13708] LOG:  no se pudo recibir datos del cliente: unrecognized winsock error 10054
2021-10-18 12:43:28.759 -03 [12864] LOG:  no se pudo recibir datos del cliente: unrecognized winsock error 10054
2021-10-18 12:43:28.759 -03 [9060] LOG:  no se pudo recibir datos del cliente: unrecognized winsock error 10054
2021-10-18 12:43:28.774 -03 [7952] LOG:  no se pudo recibir datos del cliente: unrecognized winsock error 10054
2021-10-18 12:43:28.777 -03 [13500] LOG:  no se pudo recibir datos del cliente: unrecognized winsock error 10054
2021-10-18 12:43:28.785 -03 [7912] LOG:  no se pudo recibir datos del cliente: unrecognized winsock error 10054
2021-10-18 12:43:28.786 -03 [13096] LOG:  no se pudo recibir datos del cliente: unrecognized winsock error 10054
2021-10-18 12:46:10.587 -03 [10148] LOG:  no se pudo recibir datos del cliente: unrecognized winsock error 10054
2021-10-18 12:46:10.587 -03 [13076] LOG:  no se pudo recibir datos del cliente: unrecognized winsock error 10054
2021-10-18 12:46:10.593 -03 [3456] LOG:  no se pudo recibir datos del cliente: unrecognized winsock error 10054
2021-10-18 12:46:10.595 -03 [13304] LOG:  no se pudo recibir datos del cliente: unrecognized winsock error 10054
2021-10-18 12:46:10.595 -03 [1004] LOG:  no se pudo recibir datos del cliente: unrecognized winsock error 10054
2021-10-18 12:46:10.596 -03 [3656] LOG:  no se pudo recibir datos del cliente: unrecognized winsock error 10054
2021-10-18 12:46:24.417 -03 [12796] ERROR:  no existe la columna product_product.is_published en carácter 92
2021-10-18 12:46:24.417 -03 [12796] SENTENCIA:  SELECT "product_product"."id" as "id", "product_product"."default_code" as "default_code", "product_product"."is_published" as "is_published", "product_product"."product_tmpl_id" as "product_tmpl_id", "product_product"."barcode" as "barcode", "product_product"."combination_indices" as "combination_indices", "product_product"."volume" as "volume", "product_product"."weight" as "weight", "product_product"."can_image_variant_1024_be_zoomed" as "can_image_variant_1024_be_zoomed", "product_product"."message_main_attachment_id" as "message_main_attachment_id", "product_product"."create_uid" as "create_uid", "product_product"."create_date" as "create_date", "product_product"."write_uid" as "write_uid", "product_product"."write_date" as "write_date" FROM "product_product" LEFT JOIN "product_template" AS "product_product__product_tmpl_id" ON ("product_product"."product_tmpl_id" = "product_product__product_tmpl_id"."id") WHERE (("product_product__product_tmpl_id"."company_id" in (1)) OR "product_product__product_tmpl_id"."company_id" IS NULL ) AND "product_product".id IN (9767, 9517, 9771, 9772, 9773, 9489, 9488)
2021-10-18 13:53:10.453 -03 [12796] LOG:  no se pudo recibir datos del cliente: unrecognized winsock error 10054
2021-10-18 13:53:10.496 -03 [13040] LOG:  no se pudo recibir datos del cliente: unrecognized winsock error 10054
2021-10-18 13:53:10.499 -03 [12896] LOG:  no se pudo recibir datos del cliente: unrecognized winsock error 10054
2021-10-18 13:53:10.501 -03 [13048] LOG:  no se pudo recibir datos del cliente: unrecognized winsock error 10054
2021-10-18 13:53:10.505 -03 [3344] LOG:  no se pudo recibir datos del cliente: unrecognized winsock error 10054
2021-10-18 13:53:10.507 -03 [4624] LOG:  no se pudo recibir datos del cliente: unrecognized winsock error 10054
2021-10-18 13:53:10.508 -03 [6412] LOG:  no se pudo recibir datos del cliente: unrecognized winsock error 10054
2021-10-18 13:53:37.160 -03 [12376] ERROR:  no existe la columna product_product.is_published en carácter 92
2021-10-18 13:53:37.160 -03 [12376] SENTENCIA:  SELECT "product_product"."id" as "id", "product_product"."default_code" as "default_code", "product_product"."is_published" as "is_published", "product_product"."product_tmpl_id" as "product_tmpl_id", "product_product"."barcode" as "barcode", "product_product"."combination_indices" as "combination_indices", "product_product"."volume" as "volume", "product_product"."weight" as "weight", "product_product"."can_image_variant_1024_be_zoomed" as "can_image_variant_1024_be_zoomed", "product_product"."message_main_attachment_id" as "message_main_attachment_id", "product_product"."create_uid" as "create_uid", "product_product"."create_date" as "create_date", "product_product"."write_uid" as "write_uid", "product_product"."write_date" as "write_date" FROM "product_product" LEFT JOIN "product_template" AS "product_product__product_tmpl_id" ON ("product_product"."product_tmpl_id" = "product_product__product_tmpl_id"."id") WHERE (("product_product__product_tmpl_id"."company_id" in (1)) OR "product_product__product_tmpl_id"."company_id" IS NULL ) AND "product_product".id IN (9767, 9517, 9771, 9772, 9773, 9489, 9488)
2021-10-18 14:02:36.008 -03 [12376] ERROR:  no existe la columna product_product.is_published en carácter 92
2021-10-18 14:02:36.008 -03 [12376] SENTENCIA:  SELECT "product_product"."id" as "id", "product_product"."default_code" as "default_code", "product_product"."is_published" as "is_published", "product_product"."product_tmpl_id" as "product_tmpl_id", "product_product"."barcode" as "barcode", "product_product"."combination_indices" as "combination_indices", "product_product"."volume" as "volume", "product_product"."weight" as "weight", "product_product"."can_image_variant_1024_be_zoomed" as "can_image_variant_1024_be_zoomed", "product_product"."message_main_attachment_id" as "message_main_attachment_id", "product_product"."create_uid" as "create_uid", "product_product"."create_date" as "create_date", "product_product"."write_uid" as "write_uid", "product_product"."write_date" as "write_date" FROM "product_product" LEFT JOIN "product_template" AS "product_product__product_tmpl_id" ON ("product_product"."product_tmpl_id" = "product_product__product_tmpl_id"."id") WHERE (("product_product__product_tmpl_id"."company_id" in (1)) OR "product_product__product_tmpl_id"."company_id" IS NULL ) AND "product_product".id IN (9767, 9517, 9771, 9772, 9773, 9489, 9488)
2021-10-18 14:03:17.089 -03 [12376] LOG:  no se pudo recibir datos del cliente: unrecognized winsock error 10054
2021-10-18 14:03:17.099 -03 [13300] LOG:  no se pudo recibir datos del cliente: unrecognized winsock error 10054
2021-10-18 14:03:17.101 -03 [8780] LOG:  no se pudo recibir datos del cliente: unrecognized winsock error 10054
2021-10-18 14:03:17.104 -03 [2216] LOG:  no se pudo recibir datos del cliente: unrecognized winsock error 10054
2021-10-18 14:03:17.111 -03 [13392] LOG:  no se pudo recibir datos del cliente: unrecognized winsock error 10054
2021-10-18 14:03:17.123 -03 [15208] LOG:  no se pudo recibir datos del cliente: unrecognized winsock error 10054
2021-10-18 14:12:01.235 -03 [7468] LOG:  no se pudo recibir datos del cliente: unrecognized winsock error 10054
2021-10-18 14:12:01.236 -03 [15960] LOG:  no se pudo recibir datos del cliente: unrecognized winsock error 10054
2021-10-18 14:12:01.237 -03 [6900] LOG:  no se pudo recibir datos del cliente: unrecognized winsock error 10054
2021-10-18 14:12:01.238 -03 [2252] LOG:  no se pudo recibir datos del cliente: unrecognized winsock error 10054
2021-10-18 14:12:01.239 -03 [1976] LOG:  no se pudo recibir datos del cliente: unrecognized winsock error 10054
2021-10-18 14:12:01.240 -03 [5532] LOG:  no se pudo recibir datos del cliente: unrecognized winsock error 10054
2021-10-18 15:17:59.522 -03 [14964] LOG:  no se pudo recibir datos del cliente: unrecognized winsock error 10054
2021-10-18 15:17:59.542 -03 [14236] LOG:  no se pudo recibir datos del cliente: unrecognized winsock error 10054
2021-10-18 15:17:59.542 -03 [15780] LOG:  no se pudo recibir datos del cliente: unrecognized winsock error 10054
2021-10-18 15:17:59.570 -03 [16132] LOG:  no se pudo recibir datos del cliente: unrecognized winsock error 10054
2021-10-18 15:17:59.572 -03 [13440] LOG:  no se pudo recibir datos del cliente: unrecognized winsock error 10054
2021-10-18 15:17:59.575 -03 [15180] LOG:  no se pudo recibir datos del cliente: unrecognized winsock error 10054
2021-10-18 15:17:59.577 -03 [2348] LOG:  no se pudo recibir datos del cliente: unrecognized winsock error 10054
2021-10-18 15:27:36.092 -03 [14492] LOG:  no se pudo recibir datos del cliente: unrecognized winsock error 10054
2021-10-18 15:27:36.092 -03 [12704] LOG:  no se pudo recibir datos del cliente: unrecognized winsock error 10054
2021-10-18 15:27:36.095 -03 [13832] LOG:  no se pudo recibir datos del cliente: unrecognized winsock error 10054
2021-10-18 15:27:36.101 -03 [9688] LOG:  no se pudo recibir datos del cliente: unrecognized winsock error 10054
2021-10-18 15:27:36.106 -03 [9644] LOG:  no se pudo recibir datos del cliente: unrecognized winsock error 10054
2021-10-18 15:27:36.107 -03 [9032] LOG:  no se pudo recibir datos del cliente: unrecognized winsock error 10054
2021-10-19 10:39:49.074 -03 [15588] LOG:  no se pudo recibir datos del cliente: unrecognized winsock error 10054
2021-10-19 10:39:49.087 -03 [5180] LOG:  no se pudo recibir datos del cliente: unrecognized winsock error 10054
2021-10-19 10:39:49.093 -03 [2148] LOG:  no se pudo recibir datos del cliente: unrecognized winsock error 10054
2021-10-19 10:39:49.096 -03 [8972] LOG:  no se pudo recibir datos del cliente: unrecognized winsock error 10054
2021-10-19 10:39:49.103 -03 [2076] LOG:  no se pudo recibir datos del cliente: unrecognized winsock error 10054
2021-10-19 10:39:49.104 -03 [464] LOG:  no se pudo recibir datos del cliente: unrecognized winsock error 10054
2021-10-19 10:39:49.125 -03 [10392] LOG:  no se pudo recibir datos del cliente: unrecognized winsock error 10054
2021-10-19 10:50:40.031 -03 [13620] LOG:  no se pudo recibir datos del cliente: unrecognized winsock error 10054
2021-10-19 10:50:40.037 -03 [15620] LOG:  no se pudo recibir datos del cliente: unrecognized winsock error 10054
2021-10-19 10:50:40.040 -03 [12232] LOG:  no se pudo recibir datos del cliente: unrecognized winsock error 10054
2021-10-19 10:50:40.044 -03 [15192] LOG:  no se pudo recibir datos del cliente: unrecognized winsock error 10054
2021-10-19 11:55:48.152 -03 [14140] LOG:  no se pudo recibir datos del cliente: unrecognized winsock error 10054
2021-10-19 11:55:48.167 -03 [11480] LOG:  no se pudo recibir datos del cliente: unrecognized winsock error 10054
2021-10-19 11:55:48.169 -03 [12660] LOG:  no se pudo recibir datos del cliente: unrecognized winsock error 10054
2021-10-19 11:55:48.181 -03 [12064] LOG:  no se pudo recibir datos del cliente: unrecognized winsock error 10054
2021-10-19 11:55:48.184 -03 [11108] LOG:  no se pudo recibir datos del cliente: unrecognized winsock error 10054
2021-10-19 11:55:48.187 -03 [6176] LOG:  no se pudo recibir datos del cliente: unrecognized winsock error 10054
2021-10-19 11:55:48.187 -03 [12480] LOG:  no se pudo recibir datos del cliente: unrecognized winsock error 10054
2021-10-19 14:46:19.995 -03 [16008] LOG:  no se pudo recibir datos del cliente: unrecognized winsock error 10054
2021-10-19 14:46:20.004 -03 [6760] LOG:  no se pudo recibir datos del cliente: unrecognized winsock error 10054
2021-10-19 14:46:20.014 -03 [11060] LOG:  no se pudo recibir datos del cliente: unrecognized winsock error 10054
2021-10-19 14:46:20.019 -03 [9736] LOG:  no se pudo recibir datos del cliente: unrecognized winsock error 10054
2021-10-19 14:46:20.033 -03 [6640] LOG:  no se pudo recibir datos del cliente: unrecognized winsock error 10054
2021-10-19 14:46:20.040 -03 [15912] LOG:  no se pudo recibir datos del cliente: unrecognized winsock error 10054
2021-10-19 14:46:54.604 -03 [7296] LOG:  no se pudo recibir datos del cliente: unrecognized winsock error 10054
2021-10-19 14:46:54.610 -03 [13900] LOG:  no se pudo recibir datos del cliente: unrecognized winsock error 10054
2021-10-19 14:46:54.623 -03 [4240] LOG:  no se pudo recibir datos del cliente: unrecognized winsock error 10054
2021-10-19 14:46:54.627 -03 [13340] LOG:  no se pudo recibir datos del cliente: unrecognized winsock error 10054
2021-10-19 14:47:23.981 -03 [4588] LOG:  no se pudo recibir datos del cliente: unrecognized winsock error 10054
2021-10-19 14:47:23.983 -03 [16352] LOG:  no se pudo recibir datos del cliente: unrecognized winsock error 10054
2021-10-19 14:47:23.993 -03 [14268] LOG:  no se pudo recibir datos del cliente: unrecognized winsock error 10054
2021-10-19 14:47:23.999 -03 [12616] LOG:  no se pudo recibir datos del cliente: unrecognized winsock error 10054
2021-10-19 14:47:24.005 -03 [7008] LOG:  no se pudo recibir datos del cliente: unrecognized winsock error 10054
2021-10-19 14:48:27.660 -03 [11832] LOG:  no se pudo recibir datos del cliente: unrecognized winsock error 10054
2021-10-19 14:48:27.666 -03 [13172] LOG:  no se pudo recibir datos del cliente: unrecognized winsock error 10054
2021-10-19 14:48:27.671 -03 [14680] LOG:  no se pudo recibir datos del cliente: unrecognized winsock error 10054
